生成启动时间为 11/17/2013 8:56:15 AM。
     1>项目“D:\cocos2d-x\projects\WaterBubbleBlast\proj.win32\HelloCpp.vcxproj”在节点 2 上(Build 个目标)。
     1>ClCompile:
         D:\Program Files (x86)\Microsoft Visual Studio 11.0\VC\bin\CL.exe /c /I"D:\cocos2d-x\projects\WaterBubbleBlast\proj.win32\..\..\..\cocos2dx" /I"D:\cocos2d-x\projects\WaterBubbleBlast\proj.win32\..\..\..\cocos2dx\include" /I"D:\cocos2d-x\projects\WaterBubbleBlast\proj.win32\..\..\..\cocos2dx\kazmath\include" /I"D:\cocos2d-x\projects\WaterBubbleBlast\proj.win32\..\..\..\cocos2dx\platform\win32" /I"D:\cocos2d-x\projects\WaterBubbleBlast\proj.win32\..\..\..\cocos2dx\platform\third_party\win32" /I"D:\cocos2d-x\projects\WaterBubbleBlast\proj.win32\..\..\..\cocos2dx\platform\third_party\win32\OGLES" /I"D:\cocos2d-x\projects\WaterBubbleBlast\proj.win32\..\..\..\external" /I"D:\cocos2d-x\projects\WaterBubbleBlast\proj.win32\..\..\..\external\chipmunk\include\chipmunk" /I"D:\cocos2d-x\projects\WaterBubbleBlast\proj.win32\..\..\..\CocosDenshion\include" /I"D:\cocos2d-x\projects\WaterBubbleBlast\proj.win32\..\..\..\extensions" /I..\Classes /I.. /ZI /nologo /W3 /WX- /MP /Od /Oy- /D WIN32 /D _DEBUG /D _WINDOWS /D _USE_MATH_DEFINES /D GL_GLEXT_PROTOTYPES /D CC_ENABLE_CHIPMUNK_INTEGRATION=1 /D COCOS2D_DEBUG=1 /D _CRT_SECURE_NO_WARNINGS /D _SCL_SECURE_NO_WARNINGS /D _UNICODE /D UNICODE /Gm- /EHsc /RTC1 /MDd /GS /fp:precise /Zc:wchar_t /Zc:forScope /Fo"Debug.win32\\" /Fd"Debug.win32\vc110.pdb" /Gd /TP /wd4267 /wd4251 /wd4244 /analyze- /errorReport:prompt ..\Classes\MainGameScene.cpp
         MainGameScene.cpp
       PreLinkEvent:
         if not exist "D:\cocos2d-x\projects\WaterBubbleBlast\proj.win32\Debug.win32\" mkdir "D:\cocos2d-x\projects\WaterBubbleBlast\proj.win32\Debug.win32\"
         xcopy /Y /Q "D:\cocos2d-x\projects\WaterBubbleBlast\proj.win32\..\..\..\external\libwebsockets\win32\lib\*.*" "D:\cocos2d-x\projects\WaterBubbleBlast\proj.win32\Debug.win32\"
         :VCEnd
         复制了 2 个文件
       Link:
         D:\Program Files (x86)\Microsoft Visual Studio 11.0\VC\bin\link.exe /ERRORREPORT:PROMPT /OUT:"D:\cocos2d-x\projects\WaterBubbleBlast\proj.win32\Debug.win32\HelloCpp.exe" /INCREMENTAL /NOLOGO /LIBPATH:"D:\cocos2d-x\projects\WaterBubbleBlast\proj.win32\Debug.win32\\" /LIBPATH:"D:\cocos2d-x\projects\WaterBubbleBlast\proj.win32\Debug.win32\\" libExtensions.lib libcocos2d.lib libCocosDenshion.lib libBox2d.lib libchipmunk.lib libcurl_imp.lib websockets.lib opengl32.lib glew32.lib libzlib.lib libpng.lib libjpeg.lib libtiff.lib libwebp.lib libiconv.lib freetype250.lib winmm.lib kernel32.lib user32.lib gdi32.lib winspool.lib comdlg32.lib advapi32.lib shell32.lib ole32.lib oleaut32.lib uuid.lib odbc32.lib odbccp32.lib /MANIFEST /MANIFESTUAC:"level='asInvoker' uiAccess='false'" /manifest:embed /DEBUG /PDB:"D:\cocos2d-x\projects\WaterBubbleBlast\proj.win32\Debug.win32\HelloCpp.pdb" /SUBSYSTEM:WINDOWS /TLBID:1 /DYNAMICBASE /NXCOMPAT /IMPLIB:"D:\cocos2d-x\projects\WaterBubbleBlast\proj.win32\Debug.win32\HelloCpp.lib" /MACHINE:X86 /SAFESEH Debug.win32\AppDelegate.obj
         Debug.win32\EnterScene.obj
         Debug.win32\HelpGameScene.obj
         Debug.win32\LevelListScene.obj
         Debug.win32\MainGameScene.obj
         Debug.win32\SplashScene.obj
         Debug.win32\main.obj
         "D:\cocos2d-x\projects\WaterBubbleBlast\proj.win32\Debug.win32\libcocos2d.lib"
         "D:\cocos2d-x\projects\WaterBubbleBlast\proj.win32\Debug.win32\libCocosDenshion.lib"
         "D:\cocos2d-x\projects\WaterBubbleBlast\proj.win32\Debug.win32\libExtensions.lib"
         "D:\cocos2d-x\projects\WaterBubbleBlast\proj.win32\Debug.win32\libBox2D.lib"
         "D:\cocos2d-x\projects\WaterBubbleBlast\proj.win32\Debug.win32\libchipmunk.lib"
         HelloCpp.vcxproj -> D:\cocos2d-x\projects\WaterBubbleBlast\proj.win32\Debug.win32\HelloCpp.exe
     1>已完成生成项目“D:\cocos2d-x\projects\WaterBubbleBlast\proj.win32\HelloCpp.vcxproj”(Build 个目标)的操作。

生成成功。

已用时间 00:00:09.83
